This is pdfTeX, Version 3.1415926-2.4-1.40.13 (MiKTeX 2.9 64-bit) (preloaded format=pdflatex 2013.1.15)  10 APR 2015 04:29
entering extended mode
**poster.tex
(C:\Users\Oberon\Documents\Thesis\auto-animation\poster2015\poster.tex
LaTeX2e <2011/06/27>
Babel <v3.8m> and hyphenation patterns for english, afrikaans, ancientgreek, ar
abic, armenian, assamese, basque, bengali, bokmal, bulgarian, catalan, coptic, 
croatian, czech, danish, dutch, esperanto, estonian, farsi, finnish, french, ga
lician, german, german-x-2012-05-30, greek, gujarati, hindi, hungarian, iceland
ic, indonesian, interlingua, irish, italian, kannada, kurmanji, latin, latvian,
 lithuanian, malayalam, marathi, mongolian, mongolianlmc, monogreek, ngerman, n
german-x-2012-05-30, nynorsk, oriya, panjabi, pinyin, polish, portuguese, roman
ian, russian, sanskrit, serbian, slovak, slovenian, spanish, swedish, swissgerm
an, tamil, telugu, turkish, turkmen, ukenglish, ukrainian, uppersorbian, usengl
ishmax, welsh, loaded.
(C:\Users\Oberon\Documents\Thesis\auto-animation\poster2015\sciposter.cls
Document Class: sciposter 2004/10/11 v1.12 scientific poster class (MHFW, AMW)
("C:\Program Files\MiKTeX 2.9\tex\latex\base\article.cls"
Document Class: article 2007/10/19 v1.4h Standard LaTeX document class
("C:\Program Files\MiKTeX 2.9\tex\latex\base\size10.clo"
File: size10.clo 2007/10/19 v1.4h Standard LaTeX file (size option)
)
\c@part=\count79
\c@section=\count80
\c@subsection=\count81
\c@subsubsection=\count82
\c@paragraph=\count83
\c@subparagraph=\count84
\c@figure=\count85
\c@table=\count86
\abovecaptionskip=\skip41
\belowcaptionskip=\skip42
\bibindent=\dimen102
)
("C:\Program Files\MiKTeX 2.9\tex\latex\base\ifthen.sty"
Package: ifthen 2001/05/26 v1.1c Standard LaTeX ifthen package (DPC)
)
\papermargin=\skip43


Package poster Warning: Unknown option 26pt on input line 221.

\tempsize=\skip44
("C:\Program Files\MiKTeX 2.9\tex\latex\graphics\graphics.sty"
Package: graphics 2009/02/05 v1.0o Standard LaTeX Graphics (DPC,SPQR)

("C:\Program Files\MiKTeX 2.9\tex\latex\graphics\trig.sty"
Package: trig 1999/03/16 v1.09 sin cos tan (DPC)
)
("C:\Program Files\MiKTeX 2.9\tex\latex\00miktex\graphics.cfg"
File: graphics.cfg 2007/01/18 v1.5 graphics configuration of teTeX/TeXLive
)
Package graphics Info: Driver file: pdftex.def on input line 91.

("C:\Program Files\MiKTeX 2.9\tex\latex\pdftex-def\pdftex.def"
File: pdftex.def 2011/05/27 v0.06d Graphics/color for pdfTeX

("C:\Program Files\MiKTeX 2.9\tex\generic\oberdiek\infwarerr.sty"
Package: infwarerr 2010/04/08 v1.3 Providing info/warning/error messages (HO)
)
("C:\Program Files\MiKTeX 2.9\tex\generic\oberdiek\ltxcmds.sty"
Package: ltxcmds 2011/11/09 v1.22 LaTeX kernel commands for general use (HO)
)
\Gread@gobject=\count87
))
("C:\Program Files\MiKTeX 2.9\tex\latex\graphics\color.sty"
Package: color 2005/11/14 v1.0j Standard LaTeX Color (DPC)

("C:\Program Files\MiKTeX 2.9\tex\latex\00miktex\color.cfg"
File: color.cfg 2007/01/18 v1.5 color configuration of teTeX/TeXLive
)
Package color Info: Driver file: pdftex.def on input line 130.
)
("C:\Program Files\MiKTeX 2.9\tex\latex\ltxmisc\shadow.sty"
Package: shadow 2003/02/19 v1.3 shadow boxes (M.O.)
\txtwdth=\dimen103
\sht=\dimen104
\shw=\dimen105
\shbox=\box26
\sboxsep=\dimen106
\sboxrule=\dimen107
\sdim=\dimen108
)
("C:\Program Files\MiKTeX 2.9\tex\latex\a0poster\a0size.sty"
File: a0size.sty 2004/01/31 v1.22b a0poster class (GK, MW)
LaTeX Font Info:    Redeclaring symbol font `largesymbols' on input line 229.
LaTeX Font Info:    Overwriting symbol font `largesymbols' in version `normal'
(Font)                  OMX/cmex/m/n --> OMX/cmex/m/n on input line 229.
LaTeX Font Info:    Overwriting symbol font `largesymbols' in version `bold'
(Font)                  OMX/cmex/m/n --> OMX/cmex/m/n on input line 229.
\big@size=\dimen109
)
("C:\Program Files\MiKTeX 2.9\tex\latex\psnfss\times.sty"
Package: times 2005/04/12 PSNFSS-v9.2a (SPQR) 
)
("C:\Program Files\MiKTeX 2.9\tex\latex\boxedminipage\boxedminipage.sty")
\titlewidth=\skip45
\logowidth=\skip46
\parstartskip=\skip47
\figtopskip=\skip48
\figbotskip=\skip49
\secskip=\skip50
\titleskip=\skip51
\secboxwidth=\skip52
\c@subfig=\count88
\c@algorithm=\count89
\secrulewidth=\skip53
)
("C:\Program Files\MiKTeX 2.9\tex\latex\graphics\epsfig.sty"
Package: epsfig 1999/02/16 v1.7a (e)psfig emulation (SPQR)

("C:\Program Files\MiKTeX 2.9\tex\latex\graphics\graphicx.sty"
Package: graphicx 1999/02/16 v1.0f Enhanced LaTeX Graphics (DPC,SPQR)

("C:\Program Files\MiKTeX 2.9\tex\latex\graphics\keyval.sty"
Package: keyval 1999/03/16 v1.13 key=value parser (DPC)
\KV@toks@=\toks14
)
\Gin@req@height=\dimen110
\Gin@req@width=\dimen111
)
\epsfxsize=\dimen112
\epsfysize=\dimen113
)
("C:\Program Files\MiKTeX 2.9\tex\latex\ams\math\amsmath.sty"
Package: amsmath 2000/07/18 v2.13 AMS math features
\@mathmargin=\skip54

For additional information on amsmath, use the `?' option.
("C:\Program Files\MiKTeX 2.9\tex\latex\ams\math\amstext.sty"
Package: amstext 2000/06/29 v2.01

("C:\Program Files\MiKTeX 2.9\tex\latex\ams\math\amsgen.sty"
File: amsgen.sty 1999/11/30 v2.0
\@emptytoks=\toks15
\ex@=\dimen114
))
("C:\Program Files\MiKTeX 2.9\tex\latex\ams\math\amsbsy.sty"
Package: amsbsy 1999/11/29 v1.2d
\pmbraise@=\dimen115
)
("C:\Program Files\MiKTeX 2.9\tex\latex\ams\math\amsopn.sty"
Package: amsopn 1999/12/14 v2.01 operator names
)
\inf@bad=\count90
LaTeX Info: Redefining \frac on input line 211.
\uproot@=\count91
\leftroot@=\count92
LaTeX Info: Redefining \overline on input line 307.
\classnum@=\count93
\DOTSCASE@=\count94
LaTeX Info: Redefining \ldots on input line 379.
LaTeX Info: Redefining \dots on input line 382.
LaTeX Info: Redefining \cdots on input line 467.
\Mathstrutbox@=\box27
\strutbox@=\box28
\big@size=\dimen116
LaTeX Font Info:    Redeclaring font encoding OML on input line 567.
LaTeX Font Info:    Redeclaring font encoding OMS on input line 568.
\macc@depth=\count95
\c@MaxMatrixCols=\count96
\dotsspace@=\muskip10
\c@parentequation=\count97
\dspbrk@lvl=\count98
\tag@help=\toks16
\row@=\count99
\column@=\count100
\maxfields@=\count101
\andhelp@=\toks17
\eqnshift@=\dimen117
\alignsep@=\dimen118
\tagshift@=\dimen119
\tagwidth@=\dimen120
\totwidth@=\dimen121
\lineht@=\dimen122
\@envbody=\toks18
\multlinegap=\skip55
\multlinetaggap=\skip56
\mathdisplay@stack=\toks19
LaTeX Info: Redefining \[ on input line 2666.
LaTeX Info: Redefining \] on input line 2667.
)
("C:\Program Files\MiKTeX 2.9\tex\latex\amsfonts\amssymb.sty"
Package: amssymb 2009/06/22 v3.00

("C:\Program Files\MiKTeX 2.9\tex\latex\amsfonts\amsfonts.sty"
Package: amsfonts 2009/06/22 v3.00 Basic AMSFonts support
\symAMSa=\mathgroup4
\symAMSb=\mathgroup5
LaTeX Font Info:    Overwriting math alphabet `\mathfrak' in version `bold'
(Font)                  U/euf/m/n --> U/euf/b/n on input line 96.
))
("C:\Program Files\MiKTeX 2.9\tex\latex\tools\multicol.sty"
Package: multicol 2011/06/27 v1.7a multicolumn formatting (FMi)
\c@tracingmulticols=\count102
\mult@box=\box29
\multicol@leftmargin=\dimen123
\c@unbalance=\count103
\c@collectmore=\count104
\doublecol@number=\count105
\multicoltolerance=\count106
\multicolpretolerance=\count107
\full@width=\dimen124
\page@free=\dimen125
\premulticols=\dimen126
\postmulticols=\dimen127
\multicolsep=\skip57
\multicolbaselineskip=\skip58
\partial@page=\box30
\last@line=\box31
\mult@rightbox=\box32
\mult@grightbox=\box33
\mult@gfirstbox=\box34
\mult@firstbox=\box35
\@tempa=\box36
\@tempa=\box37
\@tempa=\box38
\@tempa=\box39
\@tempa=\box40
\@tempa=\box41
\@tempa=\box42
\@tempa=\box43
\@tempa=\box44
\@tempa=\box45
\@tempa=\box46
\@tempa=\box47
\@tempa=\box48
\@tempa=\box49
\@tempa=\box50
\@tempa=\box51
\@tempa=\box52
\c@columnbadness=\count108
\c@finalcolumnbadness=\count109
\last@try=\dimen128
\multicolovershoot=\dimen129
\multicolundershoot=\dimen130
\mult@nat@firstbox=\box53
\colbreak@box=\box54
\multicol@sort@counter=\count110
)
("C:\Program Files\MiKTeX 2.9\tex\latex\wallpaper\wallpaper.sty"
Package: wallpaper 2005/01/18, v1.01 easy wallpaper formatting (MHFW)

("C:\Program Files\MiKTeX 2.9\tex\latex\tools\calc.sty"
Package: calc 2007/08/22 v4.3 Infix arithmetic (KKT,FJ)
\calc@Acount=\count111
\calc@Bcount=\count112
\calc@Adimen=\dimen131
\calc@Bdimen=\dimen132
\calc@Askip=\skip59
\calc@Bskip=\skip60
LaTeX Info: Redefining \setlength on input line 76.
LaTeX Info: Redefining \addtolength on input line 77.
\calc@Ccount=\count113
\calc@Cskip=\skip61
)
("C:\Program Files\MiKTeX 2.9\tex\latex\eso-pic\eso-pic.sty"
Package: eso-pic 2010/10/06 v2.0c eso-pic (RN)

("C:\Program Files\MiKTeX 2.9\tex\generic\oberdiek\atbegshi.sty"
Package: atbegshi 2011/10/05 v1.16 At begin shipout hook (HO)

("C:\Program Files\MiKTeX 2.9\tex\generic\oberdiek\ifpdf.sty"
Package: ifpdf 2011/01/30 v2.3 Provides the ifpdf switch (HO)
Package ifpdf Info: pdfTeX in PDF mode is detected.
)))
\wpXoffset=\skip62
\wpYoffset=\skip63
\tileXoffset=\skip64
\tileYoffset=\skip65
\tilewidth=\skip66
\tileheight=\skip67
\tileX=\skip68
\tileY=\skip69
)
("C:\Program Files\MiKTeX 2.9\tex\latex\rotating\rotating.sty"
Package: rotating 2009/03/28 v2.16a rotated objects in LaTeX
\c@r@tfl@t=\count114
\rotFPtop=\skip70
\rotFPbot=\skip71
\rot@float@box=\box55
\rot@mess@toks=\toks20
)
("C:\Program Files\MiKTeX 2.9\tex\latex\tools\verbatim.sty"
Package: verbatim 2003/08/22 v1.5q LaTeX2e package for verbatim enhancements
\every@verbatim=\toks21
\verbatim@line=\toks22
\verbatim@in@stream=\read1
)
("C:\Program Files\MiKTeX 2.9\tex\latex\oberdiek\epstopdf.sty"
Package: epstopdf 2010/02/09 v2.5 Conversion with epstopdf on the fly (HO)

("C:\Program Files\MiKTeX 2.9\tex\latex\oberdiek\epstopdf-base.sty"
Package: epstopdf-base 2010/02/09 v2.5 Base part for package epstopdf

("C:\Program Files\MiKTeX 2.9\tex\latex\oberdiek\grfext.sty"
Package: grfext 2010/08/19 v1.1 Manage graphics extensions (HO)

("C:\Program Files\MiKTeX 2.9\tex\generic\oberdiek\kvdefinekeys.sty"
Package: kvdefinekeys 2011/04/07 v1.3 Define keys (HO)
))
("C:\Program Files\MiKTeX 2.9\tex\latex\oberdiek\kvoptions.sty"
Package: kvoptions 2011/06/30 v3.11 Key value format for package options (HO)

("C:\Program Files\MiKTeX 2.9\tex\generic\oberdiek\kvsetkeys.sty"
Package: kvsetkeys 2012/04/25 v1.16 Key value parser (HO)

("C:\Program Files\MiKTeX 2.9\tex\generic\oberdiek\etexcmds.sty"
Package: etexcmds 2011/02/16 v1.5 Avoid name clashes with e-TeX commands (HO)

("C:\Program Files\MiKTeX 2.9\tex\generic\oberdiek\ifluatex.sty"
Package: ifluatex 2010/03/01 v1.3 Provides the ifluatex switch (HO)
Package ifluatex Info: LuaTeX not detected.
)
Package etexcmds Info: Could not find \expanded.
(etexcmds)             That can mean that you are not using pdfTeX 1.50 or
(etexcmds)             that some package has redefined \expanded.
(etexcmds)             In the latter case, load this package earlier.
)))
("C:\Program Files\MiKTeX 2.9\tex\generic\oberdiek\pdftexcmds.sty"
Package: pdftexcmds 2011/11/29 v0.20 Utility functions of pdfTeX for LuaTeX (HO
)
Package pdftexcmds Info: LuaTeX not detected.
Package pdftexcmds Info: \pdf@primitive is available.
Package pdftexcmds Info: \pdf@ifprimitive is available.
Package pdftexcmds Info: \pdfdraftmode found.
)
Package grfext Info: Graphics extension search list:
(grfext)             [.png,.pdf,.jpg,.mps,.jpeg,.jbig2,.jb2,.PNG,.PDF,.JPG,.JPE
G,.JBIG2,.JB2,.eps]
(grfext)             \AppendGraphicsExtensions on input line 452.
))
("C:\Program Files\MiKTeX 2.9\tex\latex\sidecap\sidecap.sty"
Package: sidecap 2003/06/06 v1.6f SideCap Package (RN/HjG)
\SC@BOXWD=\dimen133
\SC@CAPWD=\dimen134
\SC@tempdima=\dimen135
\SC@tempdimb=\dimen136
\c@SC@C=\count115
\SC@BOX=\box56
)
\c@Def=\count116

(C:\Users\Oberon\Documents\Thesis\auto-animation\poster2015\poster.aux)
LaTeX Font Info:    Checking defaults for OML/cmm/m/it on input line 50.
LaTeX Font Info:    ... okay on input line 50.
LaTeX Font Info:    Checking defaults for T1/cmr/m/n on input line 50.
LaTeX Font Info:    ... okay on input line 50.
LaTeX Font Info:    Checking defaults for OT1/cmr/m/n on input line 50.
LaTeX Font Info:    ... okay on input line 50.
LaTeX Font Info:    Checking defaults for OMS/cmsy/m/n on input line 50.
LaTeX Font Info:    ... okay on input line 50.
LaTeX Font Info:    Checking defaults for OMX/cmex/m/n on input line 50.
LaTeX Font Info:    ... okay on input line 50.
LaTeX Font Info:    Checking defaults for U/cmr/m/n on input line 50.
LaTeX Font Info:    ... okay on input line 50.
LaTeX Font Info:    Try loading font information for OT1+phv on input line 50.

("C:\Program Files\MiKTeX 2.9\tex\latex\psnfss\ot1phv.fd"
File: ot1phv.fd 2001/06/04 scalable font definitions for OT1/phv.
)
("C:\Program Files\MiKTeX 2.9\tex\context\base\supp-pdf.mkii"
[Loading MPS to PDF converter (version 2006.09.02).]
\scratchcounter=\count117
\scratchdimen=\dimen137
\scratchbox=\box57
\nofMPsegments=\count118
\nofMParguments=\count119
\everyMPshowfont=\toks23
\MPscratchCnt=\count120
\MPscratchDim=\dimen138
\MPnumerator=\count121
\makeMPintoPDFobject=\count122
\everyMPtoPDFconversion=\toks24
)
-- Paper type set to a0.
\AtBeginShipoutBox=\box58
("C:\Program Files\MiKTeX 2.9\tex\latex\ms\ragged2e.sty"
Package: ragged2e 2009/05/21 v2.1 ragged2e Package (MS)

("C:\Program Files\MiKTeX 2.9\tex\latex\ms\everysel.sty"
Package: everysel 2011/10/28 v1.2 EverySelectfont Package (MS)

ABD: EverySelectfont initializing macros
LaTeX Info: Redefining \selectfont on input line 126.
)
\CenteringLeftskip=\skip72
\RaggedLeftLeftskip=\skip73
\RaggedRightLeftskip=\skip74
\CenteringRightskip=\skip75
\RaggedLeftRightskip=\skip76
\RaggedRightRightskip=\skip77
\CenteringParfillskip=\skip78
\RaggedLeftParfillskip=\skip79
\RaggedRightParfillskip=\skip80
\JustifyingParfillskip=\skip81
\CenteringParindent=\skip82
\RaggedLeftParindent=\skip83
\RaggedRightParindent=\skip84
\JustifyingParindent=\skip85
)
Package epstopdf Info: Source file: <logos/lgpseal.eps>
(epstopdf)                    date: 2015-04-10 03:39:22
(epstopdf)                    size: 211190 bytes
(epstopdf)             Output file: <logos/lgpseal-eps-converted-to.pdf>
(epstopdf)                    date: 2015-04-10 03:39:22
(epstopdf)                    size: 29021 bytes
(epstopdf)             Command: <epstopdf --outfile=logos/lgpseal-eps-converted
-to.pdf logos/lgpseal.eps>
(epstopdf)             \includegraphics on input line 54.
Package epstopdf Info: Output file is already uptodate.

<logos/lgpseal-eps-converted-to.pdf, id=1, 65.24374pt x 66.2475pt>
File: logos/lgpseal-eps-converted-to.pdf Graphic file (type pdf)

<use logos/lgpseal-eps-converted-to.pdf>
Package pdftex.def Info: logos/lgpseal-eps-converted-to.pdf used on input line 
54.
(pdftex.def)             Requested size: 65.24358pt x 66.24733pt.
LaTeX Font Info:    Try loading font information for U+msa on input line 54.

("C:\Program Files\MiKTeX 2.9\tex\latex\amsfonts\umsa.fd"
File: umsa.fd 2009/06/22 v3.00 AMS symbols A
)
LaTeX Font Info:    Try loading font information for U+msb on input line 54.

("C:\Program Files\MiKTeX 2.9\tex\latex\amsfonts\umsb.fd"
File: umsb.fd 2009/06/22 v3.00 AMS symbols B
)
LaTeX Font Info:    Font shape `OT1/phv/bx/n' in size <51.6> not available
(Font)              Font shape `OT1/phv/b/n' tried instead on input line 54.
LaTeX Font Info:    Font shape `OT1/phv/bx/n' in size <35.83> not available
(Font)              Font shape `OT1/phv/b/n' tried instead on input line 54.
LaTeX Font Info:    Try loading font information for OT1+pcr on input line 54.

("C:\Program Files\MiKTeX 2.9\tex\latex\psnfss\ot1pcr.fd"
File: ot1pcr.fd 2001/06/04 font definitions for OT1/pcr.
)
<logos/logo_cs_design_1.png, id=2, 2007.5pt x 2007.5pt>
File: logos/logo_cs_design_1.png Graphic file (type png)

<use logos/logo_cs_design_1.png>
Package pdftex.def Info: logos/logo_cs_design_1.png used on input line 54.
(pdftex.def)             Requested size: 2007.49512pt x 2007.49512pt.

Overfull \hbox (10.54907pt too wide) in paragraph at lines 54--55
[]$[]$  $[]$$[]$
 []

LaTeX Font Info:    Font shape `OT1/phv/bx/n' in size <24.88> not available
(Font)              Font shape `OT1/phv/b/n' tried instead on input line 57.
LaTeX Font Info:    Font shape `OT1/phv/bx/n' in size <29.86> not available
(Font)              Font shape `OT1/phv/b/n' tried instead on input line 57.
<skel_example/skel1.png, id=4, 324.21124pt x 558.085pt>
File: skel_example/skel1.png Graphic file (type png)

<use skel_example/skel1.png>
Package pdftex.def Info: skel_example/skel1.png used on input line 66.
(pdftex.def)             Requested size: 209.92844pt x 361.34999pt.

<skel_example/skel2.png, id=5, 210.7875pt x 499.8675pt>
File: skel_example/skel2.png Graphic file (type png)

<use skel_example/skel2.png>
Package pdftex.def Info: skel_example/skel2.png used on input line 67.
(pdftex.def)             Requested size: 152.38121pt x 361.34999pt.
LaTeX Font Info:    Font shape `OT1/phv/m/it' in size <24.88> not available
(Font)              Font shape `OT1/phv/m/sl' tried instead on input line 68.

Underfull \hbox (badness 1014) in paragraph at lines 63--70
\OT1/phv/m/n/24.88 an-i-ma-tion. This pro-cess is work in-ten-sive and lacks fl
ex-i-bil-ity,
 []

<jump_sequence/jump1Cropped.png, id=6, 602.25pt x 501.875pt>
File: jump_sequence/jump1Cropped.png Graphic file (type png)

<use jump_sequence/jump1Cropped.png>
Package pdftex.def Info: jump_sequence/jump1Cropped.png used on input line 81.
(pdftex.def)             Requested size: 245.71425pt x 204.75922pt.

<jump_sequence/jump2Cropped.png, id=7, 602.25pt x 501.875pt>
File: jump_sequence/jump2Cropped.png Graphic file (type png)

<use jump_sequence/jump2Cropped.png>
Package pdftex.def Info: jump_sequence/jump2Cropped.png used on input line 82.
(pdftex.def)             Requested size: 245.71425pt x 204.75922pt.

<jump_sequence/jump3Cropped.png, id=8, 602.25pt x 501.875pt>
File: jump_sequence/jump3Cropped.png Graphic file (type png)

<use jump_sequence/jump3Cropped.png>
Package pdftex.def Info: jump_sequence/jump3Cropped.png used on input line 83.
(pdftex.def)             Requested size: 245.71425pt x 204.75922pt.

<jump_sequence/jump4Cropped.png, id=9, 602.25pt x 501.875pt>
File: jump_sequence/jump4Cropped.png Graphic file (type png)

<use jump_sequence/jump4Cropped.png>
Package pdftex.def Info: jump_sequence/jump4Cropped.png used on input line 84.
(pdftex.def)             Requested size: 245.71425pt x 204.75922pt.

<jump_sequence/jump5Cropped.png, id=10, 602.25pt x 501.875pt>
File: jump_sequence/jump5Cropped.png Graphic file (type png)

<use jump_sequence/jump5Cropped.png>
Package pdftex.def Info: jump_sequence/jump5Cropped.png used on input line 85.
(pdftex.def)             Requested size: 245.71425pt x 204.75922pt.

<jump_sequence/jump6Cropped.png, id=11, 602.25pt x 501.875pt>
File: jump_sequence/jump6Cropped.png Graphic file (type png)

<use jump_sequence/jump6Cropped.png>
Package pdftex.def Info: jump_sequence/jump6Cropped.png used on input line 86.
(pdftex.def)             Requested size: 245.71425pt x 204.75922pt.

<jump_sequence/jump7Cropped.png, id=12, 602.25pt x 501.875pt>
File: jump_sequence/jump7Cropped.png Graphic file (type png)

<use jump_sequence/jump7Cropped.png>
Package pdftex.def Info: jump_sequence/jump7Cropped.png used on input line 87.
(pdftex.def)             Requested size: 245.71425pt x 204.75922pt.

<jump_sequence/jump8Cropped.png, id=13, 602.25pt x 501.875pt>
File: jump_sequence/jump8Cropped.png Graphic file (type png)

<use jump_sequence/jump8Cropped.png>
Package pdftex.def Info: jump_sequence/jump8Cropped.png used on input line 88.
(pdftex.def)             Requested size: 245.71425pt x 204.75922pt.
Package epstopdf Info: Source file: <diagrams/system_diag_horiz.eps>
(epstopdf)                    date: 2015-04-10 03:39:22
(epstopdf)                    size: 27671 bytes
(epstopdf)             Output file: <diagrams/system_diag_horiz-eps-converted-t
o.pdf>
(epstopdf)                    date: 2015-04-10 03:39:22
(epstopdf)                    size: 11927 bytes
(epstopdf)             Command: <epstopdf --outfile=diagrams/system_diag_horiz-
eps-converted-to.pdf diagrams/system_diag_horiz.eps>
(epstopdf)             \includegraphics on input line 94.
Package epstopdf Info: Output file is already uptodate.

<diagrams/system_diag_horiz-eps-converted-to.pdf, id=14, 1341.01pt x 288.07625p
t>
File: diagrams/system_diag_horiz-eps-converted-to.pdf Graphic file (type pdf)
 <use diagrams/system_diag_horiz-eps-converted-to.pdf>
Package pdftex.def Info: diagrams/system_diag_horiz-eps-converted-to.pdf used o
n input line 94.
(pdftex.def)             Requested size: 982.87573pt x 211.14227pt.

<visualization/supporting_plane.png, id=15, 602.25pt x 602.25pt>
File: visualization/supporting_plane.png Graphic file (type png)

<use visualization/supporting_plane.png>
Package pdftex.def Info: visualization/supporting_plane.png used on input line 
112.
(pdftex.def)             Requested size: 151.76082pt x 151.75677pt.

<visualization/particles1.png, id=16, 602.25pt x 602.25pt>
File: visualization/particles1.png Graphic file (type png)

<use visualization/particles1.png>
Package pdftex.def Info: visualization/particles1.png used on input line 113.
(pdftex.def)             Requested size: 151.76082pt x 151.75677pt.

<visualization/particles2.png, id=17, 602.25pt x 602.25pt>
File: visualization/particles2.png Graphic file (type png)

<use visualization/particles2.png>
Package pdftex.def Info: visualization/particles2.png used on input line 114.
(pdftex.def)             Requested size: 151.76082pt x 151.75677pt.

<visualization/particles3.png, id=18, 602.25pt x 602.25pt>
File: visualization/particles3.png Graphic file (type png)

<use visualization/particles3.png>
Package pdftex.def Info: visualization/particles3.png used on input line 115.
(pdftex.def)             Requested size: 151.76082pt x 151.75677pt.

<visualization/particles4.png, id=19, 602.25pt x 602.25pt>
File: visualization/particles4.png Graphic file (type png)

<use visualization/particles4.png>
Package pdftex.def Info: visualization/particles4.png used on input line 116.
(pdftex.def)             Requested size: 151.76082pt x 151.75677pt.

<visualization/particles5.png, id=20, 602.25pt x 602.25pt>
File: visualization/particles5.png Graphic file (type png)

<use visualization/particles5.png>
Package pdftex.def Info: visualization/particles5.png used on input line 117.
(pdftex.def)             Requested size: 151.76082pt x 151.75677pt.
Package epstopdf Info: Source file: <diagrams/spring_angle_calc.eps>
(epstopdf)                    date: 2015-04-10 03:39:22
(epstopdf)                    size: 65276 bytes
(epstopdf)             Output file: <diagrams/spring_angle_calc-eps-converted-t
o.pdf>
(epstopdf)                    date: 2015-04-10 03:39:22
(epstopdf)                    size: 62089 bytes
(epstopdf)             Command: <epstopdf --outfile=diagrams/spring_angle_calc-
eps-converted-to.pdf diagrams/spring_angle_calc.eps>
(epstopdf)             \includegraphics on input line 154.
Package epstopdf Info: Output file is already uptodate.

<diagrams/spring_angle_calc-eps-converted-to.pdf, id=21, 461.725pt x 360.34625p
t>
File: diagrams/spring_angle_calc-eps-converted-to.pdf Graphic file (type pdf)
 <use diagrams/spring_angle_calc-eps-converted-to.pdf>
Package pdftex.def Info: diagrams/spring_angle_calc-eps-converted-to.pdf used o
n input line 154.
(pdftex.def)             Requested size: 185.20103pt x 144.54pt.
LaTeX Font Info:    Font shape `OT1/phv/bx/n' in size <17.28> not available
(Font)              Font shape `OT1/phv/b/n' tried instead on input line 155.
LaTeX Font Info:    Font shape `OT1/phv/m/it' in size <17.28> not available
(Font)              Font shape `OT1/phv/m/sl' tried instead on input line 155.

(C:\Users\Oberon\Documents\Thesis\auto-animation\poster2015\poster.bbl)
[1

{C:/ProgramData/MiKTeX/2.9/pdftex/config/pdftex.map} <C:/Users/Oberon/Documents
/Thesis/auto-animation/poster2015/logos/lgpseal-eps-converted-to.pdf> <C:/Users
/Oberon/Documents/Thesis/auto-animation/poster2015/logos/logo_cs_design_1.png

pdfTeX warning: pdflatex (file C:/Users/Oberon/Documents/Thesis/auto-animation/
poster2015/logos/logo_cs_design_1.png): large interlaced PNG might cause out of
 memory (use non-interlaced PNG to fix this)
> <C:/Users/Oberon/Documents/Thesis/auto-animation/poster2015/skel_example/skel
1.png> <C:/Users/Oberon/Documents/Thesis/auto-animation/poster2015/skel_example
/skel2.png> <C:/Users/Oberon/Documents/Thesis/auto-animation/poster2015/jump_se
quence/jump1Cropped.png> <C:/Users/Oberon/Documents/Thesis/auto-animation/poste
r2015/jump_sequence/jump2Cropped.png> <C:/Users/Oberon/Documents/Thesis/auto-an
imation/poster2015/jump_sequence/jump3Cropped.png> <C:/Users/Oberon/Documents/T
hesis/auto-animation/poster2015/jump_sequence/jump4Cropped.png> <C:/Users/Obero
n/Documents/Thesis/auto-animation/poster2015/jump_sequence/jump5Cropped.png> <C
:/Users/Oberon/Documents/Thesis/auto-animation/poster2015/jump_sequence/jump6Cr
opped.png> <C:/Users/Oberon/Documents/Thesis/auto-animation/poster2015/jump_seq
uence/jump7Cropped.png> <C:/Users/Oberon/Documents/Thesis/auto-animation/poster
2015/jump_sequence/jump8Cropped.png> <C:/Users/Oberon/Documents/Thesis/auto-ani
mation/poster2015/diagrams/system_diag_horiz-eps-converted-to.pdf> <C:/Users/Ob
eron/Documents/Thesis/auto-animation/poster2015/visualization/supporting_plane.
png> <C:/Users/Oberon/Documents/Thesis/auto-animation/poster2015/visualization/
particles1.png> <C:/Users/Oberon/Documents/Thesis/auto-animation/poster2015/vis
ualization/particles2.png> <C:/Users/Oberon/Documents/Thesis/auto-animation/pos
ter2015/visualization/particles3.png> <C:/Users/Oberon/Documents/Thesis/auto-an
imation/poster2015/visualization/particles4.png> <C:/Users/Oberon/Documents/The
sis/auto-animation/poster2015/visualization/particles5.png> <C:/Users/Oberon/Do
cuments/Thesis/auto-animation/poster2015/diagrams/spring_angle_calc-eps-convert
ed-to.pdf>]
(C:\Users\Oberon\Documents\Thesis\auto-animation\poster2015\poster.aux)

LaTeX Warning: Label(s) may have changed. Rerun to get cross-references right.

 ) 
Here is how much of TeX's memory you used:
 3538 strings out of 493921
 53405 string characters out of 3147279
 121869 words of memory out of 3000000
 6704 multiletter control sequences out of 15000+200000
 30720 words of font info for 70 fonts, out of 3000000 for 9000
 841 hyphenation exceptions out of 8191
 42i,8n,27p,1209b,356s stack positions out of 5000i,500n,10000p,200000b,50000s
{C:/Program Files/MiKTeX 2.9/fonts/enc/dvips/fontname/8r.enc}<C:/Program File
s/MiKTeX 2.9/fonts/type1/public/amsfonts/cm/cmex10.pfb><C:/Program Files/MiKTeX
 2.9/fonts/type1/public/amsfonts/cm/cmmi12.pfb><C:/Program Files/MiKTeX 2.9/fon
ts/type1/public/amsfonts/cm/cmr17.pfb><C:/Program Files/MiKTeX 2.9/fonts/type1/
public/amsfonts/cm/cmsy10.pfb><C:/Program Files/MiKTeX 2.9/fonts/type1/urw/cour
ier/ucrr8a.pfb><C:/Program Files/MiKTeX 2.9/fonts/type1/urw/helvetic/uhvb8a.pfb
><C:/Program Files/MiKTeX 2.9/fonts/type1/urw/helvetic/uhvr8a.pfb><C:/Program F
iles/MiKTeX 2.9/fonts/type1/urw/helvetic/uhvro8a.pfb>
Output written on poster.pdf (1 page, 760609 bytes).
PDF statistics:
 91 PDF objects out of 1000 (max. 8388607)
 0 named destinations out of 1000 (max. 500000)
 101 words of extra memory for PDF output out of 10000 (max. 10000000)

